Building database
Express is listening on port 3001
Rebuilding database
Successfully rebuilt database
Rebuilding database
Successfully rebuilt database
Rebuilding database
Successfully rebuilt database
Rebuilding database
Successfully rebuilt database
Rebuilding database
Successfully rebuilt database
Rebuilding database
Successfully rebuilt database
Rebuilding database
Successfully rebuilt database
Rebuilding database
Successfully rebuilt database
Rebuilding database
Successfully rebuilt database
Rebuilding database
Successfully rebuilt database
Rebuilding database
Successfully rebuilt database
Rebuilding database
Successfully rebuilt database
Rebuilding database
Successfully rebuilt database
Rebuilding database
Successfully rebuilt database
Rebuilding database
Successfully rebuilt database
Rebuilding database
Successfully rebuilt database
Rebuilding database
Successfully rebuilt database
Rebuilding database
Successfully rebuilt database
Rebuilding database
Successfully rebuilt database
Rebuilding database
Successfully rebuilt database
Rebuilding database
Successfully rebuilt database
Rebuilding database
Successfully rebuilt database
Rebuilding database
Successfully rebuilt database
Rebuilding database
Successfully rebuilt database
Rebuilding database
Successfully rebuilt database
Rebuilding database
Successfully rebuilt database
Rebuilding database
Successfully rebuilt database
Rebuilding database
Successfully rebuilt database
Rebuilding database
Successfully rebuilt database
Rebuilding database
Successfully rebuilt database
Rebuilding database
Successfully rebuilt database
Rebuilding database
Successfully rebuilt database
Rebuilding database
Successfully rebuilt database
Rebuilding database
Successfully rebuilt database
Rebuilding database
Successfully rebuilt database
Rebuilding database
Successfully rebuilt database
Rebuilding database
Successfully rebuilt database
Rebuilding database
Successfully rebuilt database
Rebuilding database
Successfully rebuilt database
Rebuilding database
Successfully rebuilt database
Rebuilding database
Successfully rebuilt database
Rebuilding database
Successfully rebuilt database
Rebuilding database
Successfully rebuilt database
Rebuilding database
Successfully rebuilt database
Rebuilding database
Successfully rebuilt database
Rebuilding database
Successfully rebuilt database
Rebuilding database
Successfully rebuilt database
Rebuilding database
Successfully rebuilt database
Rebuilding database
Successfully rebuilt database
Rebuilding database
Successfully rebuilt database
Rebuilding database
Successfully rebuilt database
Rebuilding database
Successfully rebuilt database
Rebuilding database
Successfully rebuilt database
Rebuilding database
Successfully rebuilt database
Rebuilding database
Successfully rebuilt database
Rebuilding database
Successfully rebuilt database
Rebuilding database
Successfully rebuilt database
Rebuilding database
Successfully rebuilt database
Rebuilding database
Successfully rebuilt database
Rebuilding database
Successfully rebuilt database
Rebuilding database
Successfully rebuilt database
Rebuilding database
Successfully rebuilt database
Rebuilding database
Successfully rebuilt database
Rebuilding database
Successfully rebuilt database
Rebuilding database
Successfully rebuilt database
Rebuilding database
Successfully rebuilt database
Rebuilding database
Successfully rebuilt database
Rebuilding database
Successfully rebuilt database
Rebuilding database
Successfully rebuilt database
Rebuilding database
Successfully rebuilt database
Rebuilding database
Successfully rebuilt database
Rebuilding database
Successfully rebuilt database
Rebuilding database
Successfully rebuilt database
Rebuilding database
Successfully rebuilt database
Rebuilding database
Successfully rebuilt database
Rebuilding database
Successfully rebuilt database
Rebuilding database
Successfully rebuilt database
Rebuilding database
Successfully rebuilt database
Rebuilding database
Successfully rebuilt database
Rebuilding database
Successfully rebuilt database
Rebuilding database
Successfully rebuilt database
Rebuilding database
Successfully rebuilt database
Rebuilding database
Successfully rebuilt database
Rebuilding database
Successfully rebuilt database
Rebuilding database
Successfully rebuilt database
Rebuilding database
Successfully rebuilt database
Rebuilding database
Successfully rebuilt database
Rebuilding database
Successfully rebuilt database
Rebuilding database
Successfully rebuilt database
Rebuilding database
Successfully rebuilt database
Rebuilding database
Successfully rebuilt database
Rebuilding database
Successfully rebuilt database
Rebuilding database
Successfully rebuilt database
Rebuilding database
Successfully rebuilt database
Rebuilding database
Successfully rebuilt database
Rebuilding database
Successfully rebuilt database
Rebuilding database
Successfully rebuilt database
Rebuilding database
Successfully rebuilt database
Rebuilding database
Successfully rebuilt database
Rebuilding database
Successfully rebuilt database
Rebuilding database
Successfully rebuilt database
Rebuilding database
Successfully rebuilt database
Rebuilding database
Successfully rebuilt database
Rebuilding database
Successfully rebuilt database
Rebuilding database
Successfully rebuilt database
Rebuilding database
Successfully rebuilt database
Rebuilding database
Successfully rebuilt database
Rebuilding database
Successfully rebuilt database
Rebuilding database
Successfully rebuilt database
Rebuilding database
Successfully rebuilt database
Rebuilding database
Successfully rebuilt database
Rebuilding database
Successfully rebuilt database
Rebuilding database
Successfully rebuilt database
Rebuilding database
Successfully rebuilt database
Rebuilding database
Successfully rebuilt database
Rebuilding database
Successfully rebuilt database
Rebuilding database
Successfully rebuilt database
Rebuilding database
Successfully rebuilt database
Rebuilding database
Successfully rebuilt database
Rebuilding database
Successfully rebuilt database
Rebuilding database
Successfully rebuilt database
Rebuilding database
Successfully rebuilt database
Rebuilding database
Successfully rebuilt database
Rebuilding database
Successfully rebuilt database
Rebuilding database
Successfully rebuilt database
Rebuilding database
Successfully rebuilt database
Rebuilding database
Successfully rebuilt database
Rebuilding database
Successfully rebuilt database
Rebuilding database
Successfully rebuilt database
Rebuilding database
Successfully rebuilt database
Rebuilding database
Successfully rebuilt database
Rebuilding database
Successfully rebuilt database
Rebuilding database
Successfully rebuilt database
Rebuilding database
Successfully rebuilt database
Rebuilding database
Successfully rebuilt database
Rebuilding database
Successfully rebuilt database
Rebuilding database
Successfully rebuilt database
Rebuilding database
Successfully rebuilt database
Rebuilding database
Successfully rebuilt database
Rebuilding database
Successfully rebuilt database
Rebuilding database
Successfully rebuilt database
Rebuilding database
Successfully rebuilt database
Rebuilding database
Successfully rebuilt database
Rebuilding database
Successfully rebuilt database
Rebuilding database
Successfully rebuilt database
Rebuilding database
Successfully rebuilt database
Rebuilding database
Successfully rebuilt database
Rebuilding database
Successfully rebuilt database
Rebuilding database
Successfully rebuilt database
Rebuilding database
Successfully rebuilt database
Rebuilding database
Successfully rebuilt database
Rebuilding database
Successfully rebuilt database
Rebuilding database
Successfully rebuilt database
Rebuilding database
Successfully rebuilt database
Rebuilding database
Successfully rebuilt database
Rebuilding database
Successfully rebuilt database
Rebuilding database
Successfully rebuilt database
Rebuilding database
Successfully rebuilt database
Rebuilding database
Successfully rebuilt database
Rebuilding database
Successfully rebuilt database
Rebuilding database
Successfully rebuilt database
Rebuilding database
Successfully rebuilt database
Rebuilding database
Successfully rebuilt database
Rebuilding database
Successfully rebuilt database
Rebuilding database
Successfully rebuilt database
Rebuilding database
Successfully rebuilt database
Rebuilding database
Successfully rebuilt database
Rebuilding database
Successfully rebuilt database
Rebuilding database
Successfully rebuilt database
Rebuilding database
Successfully rebuilt database
Rebuilding database
Successfully rebuilt database
Rebuilding database
Successfully rebuilt database
Rebuilding database
Successfully rebuilt database
Rebuilding database
Successfully rebuilt database
Rebuilding database
Successfully rebuilt database
Rebuilding database
Successfully rebuilt database
Rebuilding database
Successfully rebuilt database
Rebuilding database
Successfully rebuilt database
Rebuilding database
Successfully rebuilt database
Rebuilding database
Successfully rebuilt database
Rebuilding database
Successfully rebuilt database
Rebuilding database
Successfully rebuilt database
Rebuilding database
Successfully rebuilt database
Rebuilding database
Successfully rebuilt database
Error: listen EADDRINUSE: address already in use :::3001
    at Server.setupListenHandle [as _listen2] (node:net:1380:16)
    at listenInCluster (node:net:1428:12)
    at Server.listen (node:net:1516:7)
    at Function.listen (/home/julia/jfinophoto-backend/node_modules/express/lib/application.js:618:24)
    at Object.<anonymous> (/home/julia/jfinophoto-backend/src/app.ts:30:5)
    at Module._compile (node:internal/modules/cjs/loader:1099:14)
    at Module.m._compile (/usr/lib/node_modules/ts-node/src/index.ts:1455:23)
    at Module._extensions..js (node:internal/modules/cjs/loader:1153:10)
    at Object.require.extensions.<computed> [as .ts] (/usr/lib/node_modules/ts-node/src/index.ts:1458:12)
    at Module.load (node:internal/modules/cjs/loader:975:32) {
  code: 'EADDRINUSE',
  errno: -98,
  syscall: 'listen',
  address: '::',
  port: 3001
}
Building database
Express is listening on port 3001
Rebuilding database
Successfully rebuilt database
Hangup
Building database
Express is listening on port 3001
Hangup
